{"C:\\Users\\WILLIAMS\\Documents\\Decagon\\Institute\\checkpoint\\book-library\\admin.js": {"path":"C:\\Users\\WILLIAMS\\Documents\\Decagon\\Institute\\checkpoint\\book-library\\admin.js","statementMap":{"0":{"start":{"line":1,"column":15},"end":{"line":1,"column":34}},"1":{"start":{"line":2,"column":16},"end":{"line":2,"column":36}},"2":{"start":{"line":3,"column":20},"end":{"line":3,"column":44}},"3":{"start":{"line":4,"column":18},"end":{"line":4,"column":35}},"4":{"start":{"line":5,"column":21},"end":{"line":5,"column":41}},"5":{"start":{"line":6,"column":15},"end":{"line":6,"column":41}},"6":{"start":{"line":7,"column":15},"end":{"line":7,"column":41}},"7":{"start":{"line":8,"column":17},"end":{"line":8,"column":42}},"8":{"start":{"line":9,"column":16},"end":{"line":9,"column":32}},"9":{"start":{"line":10,"column":21},"end":{"line":10,"column":36}},"10":{"start":{"line":11,"column":22},"end":{"line":11,"column":37}},"11":{"start":{"line":17,"column":1},"end":{"line":17,"column":27}},"12":{"start":{"line":23,"column":0},"end":{"line":23,"column":50}},"13":{"start":{"line":24,"column":0},"end":{"line":24,"column":36}},"14":{"start":{"line":27,"column":0},"end":{"line":31,"column":1}},"15":{"start":{"line":28,"column":1},"end":{"line":28,"column":50}},"16":{"start":{"line":29,"column":1},"end":{"line":29,"column":35}},"17":{"start":{"line":34,"column":14},"end":{"line":34,"column":33}},"18":{"start":{"line":35,"column":0},"end":{"line":35,"column":47}},"19":{"start":{"line":36,"column":0},"end":{"line":36,"column":49}},"20":{"start":{"line":37,"column":0},"end":{"line":37,"column":54}},"21":{"start":{"line":38,"column":0},"end":{"line":38,"column":47}},"22":{"start":{"line":39,"column":0},"end":{"line":39,"column":48}},"23":{"start":{"line":40,"column":0},"end":{"line":40,"column":52}},"24":{"start":{"line":41,"column":0},"end":{"line":41,"column":63}},"25":{"start":{"line":46,"column":1},"end":{"line":46,"column":38}},"26":{"start":{"line":49,"column":17},"end":{"line":49,"column":37}},"27":{"start":{"line":50,"column":1},"end":{"line":50,"column":24}},"28":{"start":{"line":55,"column":23},"end":{"line":55,"column":46}},"29":{"start":{"line":59,"column":13},"end":{"line":61,"column":4}},"30":{"start":{"line":60,"column":1},"end":{"line":60,"column":31}},"31":{"start":{"line":64,"column":15},"end":{"line":64,"column":17}},"32":{"start":{"line":65,"column":14},"end":{"line":70,"column":3}},"33":{"start":{"line":66,"column":3},"end":{"line":68,"column":4}},"34":{"start":{"line":67,"column":2},"end":{"line":67,"column":29}},"35":{"start":{"line":69,"column":3},"end":{"line":69,"column":17}},"36":{"start":{"line":74,"column":2},"end":{"line":74,"column":49}},"37":{"start":{"line":75,"column":21},"end":{"line":75,"column":35}},"38":{"start":{"line":86,"column":0},"end":{"line":171,"column":1}},"39":{"start":{"line":87,"column":15},"end":{"line":87,"column":17}},"40":{"start":{"line":88,"column":14},"end":{"line":88,"column":16}},"41":{"start":{"line":90,"column":0},"end":{"line":92,"column":3}},"42":{"start":{"line":91,"column":1},"end":{"line":91,"column":19}},"43":{"start":{"line":94,"column":0},"end":{"line":97,"column":3}},"44":{"start":{"line":95,"column":11},"end":{"line":95,"column":41}},"45":{"start":{"line":96,"column":1},"end":{"line":96,"column":19}},"46":{"start":{"line":101,"column":17},"end":{"line":101,"column":19}},"47":{"start":{"line":102,"column":18},"end":{"line":102,"column":20}},"48":{"start":{"line":104,"column":0},"end":{"line":106,"column":3}},"49":{"start":{"line":105,"column":1},"end":{"line":105,"column":22}},"50":{"start":{"line":108,"column":0},"end":{"line":111,"column":3}},"51":{"start":{"line":109,"column":11},"end":{"line":109,"column":41}},"52":{"start":{"line":110,"column":1},"end":{"line":110,"column":23}},"53":{"start":{"line":116,"column":16},"end":{"line":116,"column":18}},"54":{"start":{"line":117,"column":17},"end":{"line":117,"column":19}},"55":{"start":{"line":119,"column":0},"end":{"line":121,"column":3}},"56":{"start":{"line":120,"column":1},"end":{"line":120,"column":21}},"57":{"start":{"line":123,"column":0},"end":{"line":126,"column":3}},"58":{"start":{"line":124,"column":11},"end":{"line":124,"column":41}},"59":{"start":{"line":125,"column":1},"end":{"line":125,"column":22}},"60":{"start":{"line":127,"column":0},"end":{"line":127,"column":24}},"61":{"start":{"line":130,"column":16},"end":{"line":130,"column":18}},"62":{"start":{"line":131,"column":17},"end":{"line":131,"column":19}},"63":{"start":{"line":133,"column":0},"end":{"line":135,"column":3}},"64":{"start":{"line":134,"column":1},"end":{"line":134,"column":21}},"65":{"start":{"line":137,"column":0},"end":{"line":140,"column":3}},"66":{"start":{"line":138,"column":11},"end":{"line":138,"column":41}},"67":{"start":{"line":139,"column":1},"end":{"line":139,"column":22}},"68":{"start":{"line":141,"column":0},"end":{"line":141,"column":24}},"69":{"start":{"line":144,"column":14},"end":{"line":144,"column":16}},"70":{"start":{"line":145,"column":15},"end":{"line":145,"column":17}},"71":{"start":{"line":146,"column":0},"end":{"line":146,"column":45}},"72":{"start":{"line":147,"column":0},"end":{"line":147,"column":49}},"73":{"start":{"line":151,"column":0},"end":{"line":151,"column":31}},"74":{"start":{"line":152,"column":0},"end":{"line":152,"column":31}},"75":{"start":{"line":153,"column":0},"end":{"line":153,"column":32}},"76":{"start":{"line":154,"column":0},"end":{"line":154,"column":34}},"77":{"start":{"line":155,"column":1},"end":{"line":169,"column":2}},"78":{"start":{"line":156,"column":2},"end":{"line":168,"column":3}},"79":{"start":{"line":157,"column":3},"end":{"line":167,"column":4}},"80":{"start":{"line":158,"column":4},"end":{"line":165,"column":5}},"81":{"start":{"line":159,"column":5},"end":{"line":159,"column":66}},"82":{"start":{"line":160,"column":6},"end":{"line":160,"column":23}},"83":{"start":{"line":163,"column":10},"end":{"line":165,"column":5}},"84":{"start":{"line":164,"column":5},"end":{"line":164,"column":31}},"85":{"start":{"line":170,"column":1},"end":{"line":170,"column":16}},"86":{"start":{"line":173,"column":0},"end":{"line":173,"column":17}},"87":{"start":{"line":174,"column":0},"end":{"line":174,"column":23}}},"fnMap":{"0":{"name":"Admin","decl":{"start":{"line":16,"column":9},"end":{"line":16,"column":14}},"loc":{"start":{"line":16,"column":21},"end":{"line":21,"column":1}},"line":16},"1":{"name":"(anonymous_1)","decl":{"start":{"line":27,"column":26},"end":{"line":27,"column":27}},"loc":{"start":{"line":27,"column":61},"end":{"line":31,"column":1}},"line":27},"2":{"name":"(anonymous_2)","decl":{"start":{"line":59,"column":39},"end":{"line":59,"column":40}},"loc":{"start":{"line":59,"column":53},"end":{"line":61,"column":3}},"line":59},"3":{"name":"(anonymous_3)","decl":{"start":{"line":65,"column":14},"end":{"line":65,"column":15}},"loc":{"start":{"line":65,"column":29},"end":{"line":70,"column":3}},"line":65},"4":{"name":"(anonymous_4)","decl":{"start":{"line":86,"column":27},"end":{"line":86,"column":28}},"loc":{"start":{"line":86,"column":38},"end":{"line":171,"column":1}},"line":86},"5":{"name":"(anonymous_5)","decl":{"start":{"line":90,"column":29},"end":{"line":90,"column":30}},"loc":{"start":{"line":90,"column":43},"end":{"line":92,"column":1}},"line":90},"6":{"name":"(anonymous_6)","decl":{"start":{"line":94,"column":29},"end":{"line":94,"column":30}},"loc":{"start":{"line":94,"column":43},"end":{"line":97,"column":1}},"line":94},"7":{"name":"(anonymous_7)","decl":{"start":{"line":104,"column":37},"end":{"line":104,"column":38}},"loc":{"start":{"line":104,"column":51},"end":{"line":106,"column":1}},"line":104},"8":{"name":"(anonymous_8)","decl":{"start":{"line":108,"column":37},"end":{"line":108,"column":38}},"loc":{"start":{"line":108,"column":51},"end":{"line":111,"column":1}},"line":108},"9":{"name":"(anonymous_9)","decl":{"start":{"line":119,"column":37},"end":{"line":119,"column":38}},"loc":{"start":{"line":119,"column":51},"end":{"line":121,"column":1}},"line":119},"10":{"name":"(anonymous_10)","decl":{"start":{"line":123,"column":37},"end":{"line":123,"column":38}},"loc":{"start":{"line":123,"column":51},"end":{"line":126,"column":1}},"line":123},"11":{"name":"(anonymous_11)","decl":{"start":{"line":133,"column":37},"end":{"line":133,"column":38}},"loc":{"start":{"line":133,"column":51},"end":{"line":135,"column":1}},"line":133},"12":{"name":"(anonymous_12)","decl":{"start":{"line":137,"column":37},"end":{"line":137,"column":38}},"loc":{"start":{"line":137,"column":51},"end":{"line":140,"column":1}},"line":137}},"branchMap":{"0":{"loc":{"start":{"line":158,"column":4},"end":{"line":165,"column":5}},"type":"if","locations":[{"start":{"line":158,"column":4},"end":{"line":165,"column":5}},{"start":{"line":158,"column":4},"end":{"line":165,"column":5}}],"line":158},"1":{"loc":{"start":{"line":158,"column":7},"end":{"line":158,"column":60}},"type":"binary-expr","locations":[{"start":{"line":158,"column":7},"end":{"line":158,"column":38}},{"start":{"line":158,"column":42},"end":{"line":158,"column":60}}],"line":158},"2":{"loc":{"start":{"line":163,"column":10},"end":{"line":165,"column":5}},"type":"if","locations":[{"start":{"line":163,"column":10},"end":{"line":165,"column":5}},{"start":{"line":163,"column":10},"end":{"line":165,"column":5}}],"line":163},"3":{"loc":{"start":{"line":163,"column":13},"end":{"line":163,"column":69}},"type":"binary-expr","locations":[{"start":{"line":163,"column":13},"end":{"line":163,"column":45}},{"start":{"line":163,"column":49},"end":{"line":163,"column":69}}],"line":163}},"s":{"0":1,"1":1,"2":1,"3":1,"4":1,"5":1,"6":1,"7":1,"8":1,"9":1,"10":1,"11":3,"12":1,"13":1,"14":1,"15":8,"16":8,"17":1,"18":1,"19":1,"20":1,"21":1,"22":1,"23":1,"24":1,"25":1,"26":1,"27":1,"28":1,"29":1,"30":3,"31":1,"32":1,"33":2,"34":6,"35":2,"36":1,"37":1,"38":1,"39":1,"40":1,"41":1,"42":7,"43":1,"44":7,"45":7,"46":1,"47":1,"48":1,"49":2,"50":1,"51":2,"52":2,"53":1,"54":1,"55":1,"56":3,"57":1,"58":3,"59":3,"60":1,"61":1,"62":1,"63":1,"64":3,"65":1,"66":3,"67":3,"68":1,"69":1,"70":1,"71":1,"72":1,"73":1,"74":1,"75":1,"76":1,"77":1,"78":7,"79":21,"80":56,"81":6,"82":6,"83":50,"84":1,"85":1,"86":1,"87":1},"f":{"0":3,"1":8,"2":3,"3":2,"4":1,"5":7,"6":7,"7":2,"8":2,"9":3,"10":3,"11":3,"12":3},"b":{"0":[6,50],"1":[56,7],"2":[1,49],"3":[50,1]},"_coverageSchema":"332fd63041d2c1bcb487cc26dd0d5f7d97098a6c","hash":"a7222b4e3f2a89390aa0fdad17bf7e35848ea3f0"}
,"C:\\Users\\WILLIAMS\\Documents\\Decagon\\Institute\\checkpoint\\book-library\\index.js": {"path":"C:\\Users\\WILLIAMS\\Documents\\Decagon\\Institute\\checkpoint\\book-library\\index.js","statementMap":{"0":{"start":{"line":1,"column":13},"end":{"line":1,"column":15}},"1":{"start":{"line":5,"column":1},"end":{"line":5,"column":26}},"2":{"start":{"line":6,"column":1},"end":{"line":6,"column":22}},"3":{"start":{"line":7,"column":1},"end":{"line":7,"column":26}},"4":{"start":{"line":8,"column":1},"end":{"line":8,"column":22}},"5":{"start":{"line":9,"column":2},"end":{"line":9,"column":19}},"6":{"start":{"line":14,"column":0},"end":{"line":14,"column":22}},"7":{"start":{"line":15,"column":0},"end":{"line":15,"column":20}}},"fnMap":{"0":{"name":"Library","decl":{"start":{"line":4,"column":9},"end":{"line":4,"column":16}},"loc":{"start":{"line":4,"column":50},"end":{"line":10,"column":1}},"line":4}},"branchMap":{},"s":{"0":1,"1":1,"2":1,"3":1,"4":1,"5":1,"6":1,"7":1},"f":{"0":1},"b":{},"_coverageSchema":"332fd63041d2c1bcb487cc26dd0d5f7d97098a6c","hash":"e6a1a850062b916c5b95f2ab47eef6c9d65d28f1"}
,"C:\\Users\\WILLIAMS\\Documents\\Decagon\\Institute\\checkpoint\\book-library\\issuanceList.js": {"path":"C:\\Users\\WILLIAMS\\Documents\\Decagon\\Institute\\checkpoint\\book-library\\issuanceList.js","statementMap":{"0":{"start":{"line":1,"column":13},"end":{"line":1,"column":15}},"1":{"start":{"line":2,"column":13},"end":{"line":2,"column":15}},"2":{"start":{"line":3,"column":14},"end":{"line":3,"column":16}},"3":{"start":{"line":5,"column":0},"end":{"line":5,"column":26}},"4":{"start":{"line":7,"column":0},"end":{"line":7,"column":24}},"5":{"start":{"line":8,"column":0},"end":{"line":8,"column":24}}},"fnMap":{},"branchMap":{},"s":{"0":1,"1":1,"2":1,"3":1,"4":1,"5":1},"f":{},"b":{},"_coverageSchema":"332fd63041d2c1bcb487cc26dd0d5f7d97098a6c","hash":"c73eae4afb59c522c01d8fc0cb0f0e4b019e7d72"}
,"C:\\Users\\WILLIAMS\\Documents\\Decagon\\Institute\\checkpoint\\book-library\\juniorStudent.js": {"path":"C:\\Users\\WILLIAMS\\Documents\\Decagon\\Institute\\checkpoint\\book-library\\juniorStudent.js","statementMap":{"0":{"start":{"line":1,"column":13},"end":{"line":1,"column":30}},"1":{"start":{"line":2,"column":18},"end":{"line":2,"column":42}},"2":{"start":{"line":3,"column":17},"end":{"line":3,"column":42}},"3":{"start":{"line":4,"column":22},"end":{"line":4,"column":37}},"4":{"start":{"line":5,"column":16},"end":{"line":5,"column":36}},"5":{"start":{"line":9,"column":1},"end":{"line":9,"column":48}},"6":{"start":{"line":12,"column":0},"end":{"line":12,"column":51}},"7":{"start":{"line":13,"column":0},"end":{"line":13,"column":38}},"8":{"start":{"line":17,"column":0},"end":{"line":20,"column":1}},"9":{"start":{"line":18,"column":2},"end":{"line":18,"column":58}},"10":{"start":{"line":19,"column":2},"end":{"line":19,"column":36}},"11":{"start":{"line":23,"column":16},"end":{"line":23,"column":59}},"12":{"start":{"line":24,"column":17},"end":{"line":24,"column":60}},"13":{"start":{"line":25,"column":17},"end":{"line":25,"column":57}},"14":{"start":{"line":28,"column":0},"end":{"line":28,"column":50}},"15":{"start":{"line":29,"column":0},"end":{"line":29,"column":56}},"16":{"start":{"line":30,"column":0},"end":{"line":30,"column":67}},"17":{"start":{"line":32,"column":0},"end":{"line":32,"column":24}}},"fnMap":{"0":{"name":"Junior","decl":{"start":{"line":8,"column":9},"end":{"line":8,"column":15}},"loc":{"start":{"line":8,"column":42},"end":{"line":10,"column":1}},"line":8},"1":{"name":"(anonymous_1)","decl":{"start":{"line":17,"column":29},"end":{"line":17,"column":30}},"loc":{"start":{"line":17,"column":66},"end":{"line":20,"column":1}},"line":17}},"branchMap":{"0":{"loc":{"start":{"line":17,"column":48},"end":{"line":17,"column":64}},"type":"default-arg","locations":[{"start":{"line":17,"column":55},"end":{"line":17,"column":64}}],"line":17}},"s":{"0":1,"1":1,"2":1,"3":1,"4":1,"5":4,"6":1,"7":1,"8":1,"9":5,"10":5,"11":1,"12":1,"13":1,"14":1,"15":1,"16":1,"17":1},"f":{"0":4,"1":5},"b":{"0":[0]},"_coverageSchema":"332fd63041d2c1bcb487cc26dd0d5f7d97098a6c","hash":"6b5018c029ae516b4fe3445cac968f21598395c4"}
,"C:\\Users\\WILLIAMS\\Documents\\Decagon\\Institute\\checkpoint\\book-library\\library.js": {"path":"C:\\Users\\WILLIAMS\\Documents\\Decagon\\Institute\\checkpoint\\book-library\\library.js","statementMap":{"0":{"start":{"line":2,"column":14},"end":{"line":2,"column":16}},"1":{"start":{"line":3,"column":0},"end":{"line":3,"column":25}}},"fnMap":{},"branchMap":{},"s":{"0":1,"1":1},"f":{},"b":{},"_coverageSchema":"332fd63041d2c1bcb487cc26dd0d5f7d97098a6c","hash":"b42580531390e77139db26e8c901b504bf609488"}
,"C:\\Users\\WILLIAMS\\Documents\\Decagon\\Institute\\checkpoint\\book-library\\person.js": {"path":"C:\\Users\\WILLIAMS\\Documents\\Decagon\\Institute\\checkpoint\\book-library\\person.js","statementMap":{"0":{"start":{"line":3,"column":1},"end":{"line":3,"column":18}},"1":{"start":{"line":6,"column":0},"end":{"line":6,"column":24}}},"fnMap":{"0":{"name":"Person","decl":{"start":{"line":2,"column":9},"end":{"line":2,"column":15}},"loc":{"start":{"line":2,"column":22},"end":{"line":4,"column":1}},"line":2}},"branchMap":{},"s":{"0":19,"1":1},"f":{"0":19},"b":{},"_coverageSchema":"332fd63041d2c1bcb487cc26dd0d5f7d97098a6c","hash":"696da3a4d96f93b9c99dffd30f144d94176c34f4"}
,"C:\\Users\\WILLIAMS\\Documents\\Decagon\\Institute\\checkpoint\\book-library\\requestList.js": {"path":"C:\\Users\\WILLIAMS\\Documents\\Decagon\\Institute\\checkpoint\\book-library\\requestList.js","statementMap":{"0":{"start":{"line":1,"column":17},"end":{"line":1,"column":19}},"1":{"start":{"line":2,"column":0},"end":{"line":2,"column":28}}},"fnMap":{},"branchMap":{},"s":{"0":1,"1":1},"f":{},"b":{},"_coverageSchema":"332fd63041d2c1bcb487cc26dd0d5f7d97098a6c","hash":"d19fcd2fbe945a8f97e9f8072baefa5b274ae604"}
,"C:\\Users\\WILLIAMS\\Documents\\Decagon\\Institute\\checkpoint\\book-library\\seniorStudent.js": {"path":"C:\\Users\\WILLIAMS\\Documents\\Decagon\\Institute\\checkpoint\\book-library\\seniorStudent.js","statementMap":{"0":{"start":{"line":1,"column":13},"end":{"line":1,"column":30}},"1":{"start":{"line":3,"column":17},"end":{"line":3,"column":42}},"2":{"start":{"line":4,"column":21},"end":{"line":4,"column":36}},"3":{"start":{"line":5,"column":16},"end":{"line":5,"column":36}},"4":{"start":{"line":9,"column":1},"end":{"line":9,"column":48}},"5":{"start":{"line":12,"column":0},"end":{"line":12,"column":51}},"6":{"start":{"line":13,"column":0},"end":{"line":13,"column":38}},"7":{"start":{"line":17,"column":0},"end":{"line":19,"column":2}},"8":{"start":{"line":18,"column":2},"end":{"line":18,"column":57}},"9":{"start":{"line":22,"column":16},"end":{"line":22,"column":55}},"10":{"start":{"line":23,"column":17},"end":{"line":23,"column":56}},"11":{"start":{"line":24,"column":17},"end":{"line":24,"column":55}},"12":{"start":{"line":27,"column":0},"end":{"line":27,"column":51}},"13":{"start":{"line":28,"column":0},"end":{"line":28,"column":58}},"14":{"start":{"line":29,"column":0},"end":{"line":29,"column":51}},"15":{"start":{"line":31,"column":0},"end":{"line":31,"column":24}}},"fnMap":{"0":{"name":"Senior","decl":{"start":{"line":8,"column":9},"end":{"line":8,"column":15}},"loc":{"start":{"line":8,"column":42},"end":{"line":10,"column":1}},"line":8},"1":{"name":"(anonymous_1)","decl":{"start":{"line":17,"column":29},"end":{"line":17,"column":30}},"loc":{"start":{"line":17,"column":66},"end":{"line":19,"column":2}},"line":17}},"branchMap":{"0":{"loc":{"start":{"line":17,"column":48},"end":{"line":17,"column":64}},"type":"default-arg","locations":[{"start":{"line":17,"column":55},"end":{"line":17,"column":64}}],"line":17}},"s":{"0":1,"1":1,"2":1,"3":1,"4":3,"5":1,"6":1,"7":1,"8":3,"9":1,"10":1,"11":1,"12":1,"13":1,"14":1,"15":1},"f":{"0":3,"1":3},"b":{"0":[0]},"_coverageSchema":"332fd63041d2c1bcb487cc26dd0d5f7d97098a6c","hash":"f1fed83668e820df633a08c296aee628d3f7d556"}
,"C:\\Users\\WILLIAMS\\Documents\\Decagon\\Institute\\checkpoint\\book-library\\student.js": {"path":"C:\\Users\\WILLIAMS\\Documents\\Decagon\\Institute\\checkpoint\\book-library\\student.js","statementMap":{"0":{"start":{"line":1,"column":13},"end":{"line":1,"column":30}},"1":{"start":{"line":2,"column":18},"end":{"line":2,"column":42}},"2":{"start":{"line":3,"column":17},"end":{"line":3,"column":42}},"3":{"start":{"line":4,"column":21},"end":{"line":4,"column":36}},"4":{"start":{"line":5,"column":22},"end":{"line":5,"column":37}},"5":{"start":{"line":9,"column":1},"end":{"line":9,"column":32}},"6":{"start":{"line":10,"column":1},"end":{"line":10,"column":34}},"7":{"start":{"line":14,"column":0},"end":{"line":14,"column":49}},"8":{"start":{"line":15,"column":0},"end":{"line":15,"column":40}},"9":{"start":{"line":19,"column":0},"end":{"line":22,"column":1}},"10":{"start":{"line":20,"column":1},"end":{"line":20,"column":73}},"11":{"start":{"line":25,"column":16},"end":{"line":25,"column":57}},"12":{"start":{"line":30,"column":0},"end":{"line":30,"column":50}},"13":{"start":{"line":33,"column":0},"end":{"line":33,"column":24}},"14":{"start":{"line":34,"column":0},"end":{"line":34,"column":25}}},"fnMap":{"0":{"name":"Student","decl":{"start":{"line":8,"column":9},"end":{"line":8,"column":16}},"loc":{"start":{"line":8,"column":43},"end":{"line":12,"column":1}},"line":8},"1":{"name":"(anonymous_1)","decl":{"start":{"line":19,"column":29},"end":{"line":19,"column":30}},"loc":{"start":{"line":19,"column":66},"end":{"line":22,"column":1}},"line":19}},"branchMap":{"0":{"loc":{"start":{"line":19,"column":48},"end":{"line":19,"column":64}},"type":"default-arg","locations":[{"start":{"line":19,"column":55},"end":{"line":19,"column":64}}],"line":19}},"s":{"0":1,"1":1,"2":1,"3":1,"4":1,"5":10,"6":10,"7":1,"8":1,"9":1,"10":1,"11":1,"12":1,"13":1,"14":1},"f":{"0":10,"1":1},"b":{"0":[0]},"_coverageSchema":"332fd63041d2c1bcb487cc26dd0d5f7d97098a6c","hash":"18ae3072233611a08c5a3edaff21eb1c60330956"}
,"C:\\Users\\WILLIAMS\\Documents\\Decagon\\Institute\\checkpoint\\book-library\\teacher.js": {"path":"C:\\Users\\WILLIAMS\\Documents\\Decagon\\Institute\\checkpoint\\book-library\\teacher.js","statementMap":{"0":{"start":{"line":1,"column":13},"end":{"line":1,"column":30}},"1":{"start":{"line":2,"column":18},"end":{"line":2,"column":42}},"2":{"start":{"line":3,"column":17},"end":{"line":3,"column":42}},"3":{"start":{"line":4,"column":21},"end":{"line":4,"column":37}},"4":{"start":{"line":8,"column":1},"end":{"line":8,"column":32}},"5":{"start":{"line":12,"column":0},"end":{"line":12,"column":50}},"6":{"start":{"line":13,"column":0},"end":{"line":13,"column":40}},"7":{"start":{"line":15,"column":16},"end":{"line":15,"column":47}},"8":{"start":{"line":16,"column":17},"end":{"line":16,"column":54}},"9":{"start":{"line":19,"column":0},"end":{"line":22,"column":1}},"10":{"start":{"line":20,"column":1},"end":{"line":20,"column":54}},"11":{"start":{"line":21,"column":1},"end":{"line":21,"column":56}},"12":{"start":{"line":24,"column":0},"end":{"line":24,"column":51}},"13":{"start":{"line":25,"column":0},"end":{"line":25,"column":52}},"14":{"start":{"line":27,"column":0},"end":{"line":27,"column":25}}},"fnMap":{"0":{"name":"Teacher","decl":{"start":{"line":7,"column":9},"end":{"line":7,"column":16}},"loc":{"start":{"line":7,"column":30},"end":{"line":10,"column":1}},"line":7},"1":{"name":"(anonymous_1)","decl":{"start":{"line":19,"column":29},"end":{"line":19,"column":30}},"loc":{"start":{"line":19,"column":66},"end":{"line":22,"column":1}},"line":19}},"branchMap":{"0":{"loc":{"start":{"line":19,"column":48},"end":{"line":19,"column":64}},"type":"default-arg","locations":[{"start":{"line":19,"column":55},"end":{"line":19,"column":64}}],"line":19}},"s":{"0":1,"1":1,"2":1,"3":1,"4":3,"5":1,"6":1,"7":1,"8":1,"9":1,"10":2,"11":2,"12":1,"13":1,"14":1},"f":{"0":3,"1":2},"b":{"0":[0]},"_coverageSchema":"332fd63041d2c1bcb487cc26dd0d5f7d97098a6c","hash":"b5303e08f79eab852fdad730c277678dbce841bc"}
,"C:\\Users\\WILLIAMS\\Documents\\Decagon\\Institute\\checkpoint\\book-library\\user.js": {"path":"C:\\Users\\WILLIAMS\\Documents\\Decagon\\Institute\\checkpoint\\book-library\\user.js","statementMap":{"0":{"start":{"line":1,"column":15},"end":{"line":1,"column":34}},"1":{"start":{"line":2,"column":18},"end":{"line":2,"column":42}},"2":{"start":{"line":6,"column":1},"end":{"line":6,"column":28}},"3":{"start":{"line":7,"column":1},"end":{"line":7,"column":22}},"4":{"start":{"line":10,"column":0},"end":{"line":10,"column":49}},"5":{"start":{"line":11,"column":0},"end":{"line":11,"column":34}},"6":{"start":{"line":13,"column":0},"end":{"line":15,"column":1}},"7":{"start":{"line":14,"column":1},"end":{"line":14,"column":43}},"8":{"start":{"line":19,"column":13},"end":{"line":19,"column":42}},"9":{"start":{"line":24,"column":0},"end":{"line":24,"column":22}}},"fnMap":{"0":{"name":"User","decl":{"start":{"line":5,"column":9},"end":{"line":5,"column":13}},"loc":{"start":{"line":5,"column":28},"end":{"line":8,"column":1}},"line":5},"1":{"name":"(anonymous_1)","decl":{"start":{"line":13,"column":28},"end":{"line":13,"column":29}},"loc":{"start":{"line":13,"column":60},"end":{"line":15,"column":1}},"line":13}},"branchMap":{},"s":{"0":1,"1":1,"2":15,"3":15,"4":1,"5":1,"6":1,"7":0,"8":1,"9":1},"f":{"0":15,"1":0},"b":{},"_coverageSchema":"332fd63041d2c1bcb487cc26dd0d5f7d97098a6c","hash":"a0c7b8d29c4b0675f75207ebbb7345edcd2e82c1"}
}
