{"C:\\Users\\WILLIAMS\\Documents\\Decagon\\Institute\\checkpoint\\book-library\\index.js": {"path":"C:\\Users\\WILLIAMS\\Documents\\Decagon\\Institute\\checkpoint\\book-library\\index.js","statementMap":{"0":{"start":{"line":1,"column":13},"end":{"line":1,"column":15}},"1":{"start":{"line":5,"column":1},"end":{"line":5,"column":26}},"2":{"start":{"line":6,"column":1},"end":{"line":6,"column":22}},"3":{"start":{"line":7,"column":1},"end":{"line":7,"column":26}},"4":{"start":{"line":8,"column":1},"end":{"line":8,"column":22}},"5":{"start":{"line":9,"column":2},"end":{"line":9,"column":19}},"6":{"start":{"line":14,"column":0},"end":{"line":14,"column":22}},"7":{"start":{"line":15,"column":0},"end":{"line":15,"column":20}}},"fnMap":{"0":{"name":"Library","decl":{"start":{"line":4,"column":9},"end":{"line":4,"column":16}},"loc":{"start":{"line":4,"column":50},"end":{"line":10,"column":1}},"line":4}},"branchMap":{},"s":{"0":1,"1":1,"2":1,"3":1,"4":1,"5":1,"6":1,"7":1},"f":{"0":1},"b":{},"_coverageSchema":"332fd63041d2c1bcb487cc26dd0d5f7d97098a6c","hash":"e6a1a850062b916c5b95f2ab47eef6c9d65d28f1"}
}
