TN:
SF:C:\Users\WILLIAMS\Documents\Decagon\Institute\checkpoint\book-library\admin.js
FN:16,Admin
FN:27,(anonymous_1)
FN:59,(anonymous_2)
FN:65,(anonymous_3)
FN:86,(anonymous_4)
FN:90,(anonymous_5)
FN:94,(anonymous_6)
FN:104,(anonymous_7)
FN:108,(anonymous_8)
FN:119,(anonymous_9)
FN:123,(anonymous_10)
FN:133,(anonymous_11)
FN:137,(anonymous_12)
FNF:13
FNH:13
FNDA:3,Admin
FNDA:8,(anonymous_1)
FNDA:3,(anonymous_2)
FNDA:2,(anonymous_3)
FNDA:1,(anonymous_4)
FNDA:7,(anonymous_5)
FNDA:7,(anonymous_6)
FNDA:2,(anonymous_7)
FNDA:2,(anonymous_8)
FNDA:3,(anonymous_9)
FNDA:3,(anonymous_10)
FNDA:3,(anonymous_11)
FNDA:3,(anonymous_12)
DA:1,1
DA:2,1
DA:3,1
DA:4,1
DA:5,1
DA:6,1
DA:7,1
DA:8,1
DA:9,1
DA:10,1
DA:11,1
DA:17,3
DA:23,1
DA:24,1
DA:27,1
DA:28,8
DA:29,8
DA:34,1
DA:35,1
DA:36,1
DA:37,1
DA:38,1
DA:39,1
DA:40,1
DA:41,1
DA:46,1
DA:49,1
DA:50,1
DA:55,1
DA:59,1
DA:60,3
DA:64,1
DA:65,1
DA:66,2
DA:67,6
DA:69,2
DA:74,1
DA:75,1
DA:86,1
DA:87,1
DA:88,1
DA:90,1
DA:91,7
DA:94,1
DA:95,7
DA:96,7
DA:101,1
DA:102,1
DA:104,1
DA:105,2
DA:108,1
DA:109,2
DA:110,2
DA:116,1
DA:117,1
DA:119,1
DA:120,3
DA:123,1
DA:124,3
DA:125,3
DA:127,1
DA:130,1
DA:131,1
DA:133,1
DA:134,3
DA:137,1
DA:138,3
DA:139,3
DA:141,1
DA:144,1
DA:145,1
DA:146,1
DA:147,1
DA:151,1
DA:152,1
DA:153,1
DA:154,1
DA:155,1
DA:156,7
DA:157,21
DA:158,56
DA:159,6
DA:160,6
DA:163,50
DA:164,1
DA:170,1
DA:173,1
DA:174,1
LF:88
LH:88
BRDA:158,0,0,6
BRDA:158,0,1,50
BRDA:158,1,0,56
BRDA:158,1,1,7
BRDA:163,2,0,1
BRDA:163,2,1,49
BRDA:163,3,0,50
BRDA:163,3,1,1
BRF:8
BRH:8
end_of_record
TN:
SF:C:\Users\WILLIAMS\Documents\Decagon\Institute\checkpoint\book-library\index.js
FN:4,Library
FNF:1
FNH:1
FNDA:1,Library
DA:1,1
DA:5,1
DA:6,1
DA:7,1
DA:8,1
DA:9,1
DA:14,1
DA:15,1
LF:8
LH:8
BRF:0
BRH:0
end_of_record
TN:
SF:C:\Users\WILLIAMS\Documents\Decagon\Institute\checkpoint\book-library\issuanceList.js
FNF:0
FNH:0
DA:1,1
DA:2,1
DA:3,1
DA:5,1
DA:7,1
DA:8,1
LF:6
LH:6
BRF:0
BRH:0
end_of_record
TN:
SF:C:\Users\WILLIAMS\Documents\Decagon\Institute\checkpoint\book-library\juniorStudent.js
FN:8,Junior
FN:17,(anonymous_1)
FNF:2
FNH:2
FNDA:3,Junior
FNDA:3,(anonymous_1)
DA:1,1
DA:2,1
DA:3,1
DA:4,1
DA:5,1
DA:9,3
DA:12,1
DA:13,1
DA:17,1
DA:18,3
DA:19,3
DA:23,1
DA:24,1
DA:25,1
DA:28,1
DA:29,1
DA:30,1
DA:32,1
LF:18
LH:18
BRDA:17,0,0,0
BRF:1
BRH:0
end_of_record
TN:
SF:C:\Users\WILLIAMS\Documents\Decagon\Institute\checkpoint\book-library\library.js
FNF:0
FNH:0
DA:2,1
DA:3,1
LF:2
LH:2
BRF:0
BRH:0
end_of_record
TN:
SF:C:\Users\WILLIAMS\Documents\Decagon\Institute\checkpoint\book-library\person.js
FN:2,Person
FNF:1
FNH:1
FNDA:16,Person
DA:3,16
DA:6,1
LF:2
LH:2
BRF:0
BRH:0
end_of_record
TN:
SF:C:\Users\WILLIAMS\Documents\Decagon\Institute\checkpoint\book-library\requestList.js
FNF:0
FNH:0
DA:1,1
DA:2,1
LF:2
LH:2
BRF:0
BRH:0
end_of_record
TN:
SF:C:\Users\WILLIAMS\Documents\Decagon\Institute\checkpoint\book-library\seniorStudent.js
FN:8,Senior
FN:17,(anonymous_1)
FNF:2
FNH:2
FNDA:3,Senior
FNDA:3,(anonymous_1)
DA:1,1
DA:3,1
DA:4,1
DA:5,1
DA:9,3
DA:12,1
DA:13,1
DA:17,1
DA:18,3
DA:22,1
DA:23,1
DA:24,1
DA:27,1
DA:28,1
DA:29,1
DA:31,1
LF:16
LH:16
BRDA:17,0,0,0
BRF:1
BRH:0
end_of_record
TN:
SF:C:\Users\WILLIAMS\Documents\Decagon\Institute\checkpoint\book-library\student.js
FN:8,Student
FN:19,(anonymous_1)
FNF:2
FNH:1
FNDA:7,Student
FNDA:0,(anonymous_1)
DA:1,1
DA:2,1
DA:3,1
DA:4,1
DA:5,1
DA:9,7
DA:10,7
DA:14,1
DA:15,1
DA:19,1
DA:20,0
DA:34,1
LF:12
LH:11
BRDA:19,0,0,0
BRF:1
BRH:0
end_of_record
TN:
SF:C:\Users\WILLIAMS\Documents\Decagon\Institute\checkpoint\book-library\teacher.js
FN:7,Teacher
FN:19,(anonymous_1)
FNF:2
FNH:2
FNDA:3,Teacher
FNDA:2,(anonymous_1)
DA:1,1
DA:2,1
DA:3,1
DA:4,1
DA:8,3
DA:12,1
DA:13,1
DA:15,1
DA:16,1
DA:19,1
DA:20,2
DA:21,2
DA:24,1
DA:25,1
DA:27,1
LF:15
LH:15
BRDA:19,0,0,0
BRF:1
BRH:0
end_of_record
TN:
SF:C:\Users\WILLIAMS\Documents\Decagon\Institute\checkpoint\book-library\user.js
FN:5,User
FN:13,(anonymous_1)
FNF:2
FNH:1
FNDA:12,User
FNDA:0,(anonymous_1)
DA:1,1
DA:2,1
DA:6,12
DA:7,12
DA:10,1
DA:11,1
DA:13,1
DA:14,0
DA:19,1
DA:24,1
LF:10
LH:9
BRF:0
BRH:0
end_of_record
